<?xml version="1.0" encoding="UTF-8"?>
<!-- Generated by org.testng.reporters.JUnitReportReporter -->
<testsuite hostname="DESKTOP-O0EVOC1" failures="0" tests="2" name="Test_Cases.Login_Test1" time="13.932" errors="0" timestamp="2022-03-12T17:17:49 IST" skipped="0">
  <testcase classname="Test_Cases.Login_Test1" name="Login_Test" time="9.765"/>
  <system-out/>
  <testcase classname="Test_Cases.Login_Test1" name="Login_Test" time="4.167"/>
  <system-out/>
</testsuite> <!-- Test_Cases.Login_Test1 -->
